{"total": {"lines":{"total":185,"covered":184,"skipped":0,"pct":99.45},"statements":{"total":187,"covered":186,"skipped":0,"pct":99.46},"functions":{"total":65,"covered":64,"skipped":0,"pct":98.46},"branches":{"total":155,"covered":154,"skipped":0,"pct":99.35},"branchesTrue":{"total":0,"covered":0,"skipped":0,"pct":100}}
,"D:\\React\\React native\\PayFlow\\PayFlow\\api\\api.ts": {"lines":{"total":7,"covered":7,"skipped":0,"pct":100},"functions":{"total":1,"covered":1,"skipped":0,"pct":100},"statements":{"total":7,"covered":7,"skipped":0,"pct":100},"branches":{"total":11,"covered":11,"skipped":0,"pct":100}}
,"D:\\React\\React native\\PayFlow\\PayFlow\\api\\auth.api.ts": {"lines":{"total":4,"covered":4,"skipped":0,"pct":100},"functions":{"total":2,"covered":2,"skipped":0,"pct":100},"statements":{"total":4,"covered":4,"skipped":0,"pct":100},"branches":{"total":0,"covered":0,"skipped":0,"pct":100}}
,"D:\\React\\React native\\PayFlow\\PayFlow\\api\\authStorage.ts": {"lines":{"total":6,"covered":6,"skipped":0,"pct":100},"functions":{"total":3,"covered":3,"skipped":0,"pct":100},"statements":{"total":6,"covered":6,"skipped":0,"pct":100},"branches":{"total":0,"covered":0,"skipped":0,"pct":100}}
,"D:\\React\\React native\\PayFlow\\PayFlow\\api\\currency.api.ts": {"lines":{"total":4,"covered":4,"skipped":0,"pct":100},"functions":{"total":2,"covered":2,"skipped":0,"pct":100},"statements":{"total":4,"covered":4,"skipped":0,"pct":100},"branches":{"total":0,"covered":0,"skipped":0,"pct":100}}
,"D:\\React\\React native\\PayFlow\\PayFlow\\api\\dashboard.api.ts": {"lines":{"total":2,"covered":2,"skipped":0,"pct":100},"functions":{"total":1,"covered":1,"skipped":0,"pct":100},"statements":{"total":2,"covered":2,"skipped":0,"pct":100},"branches":{"total":0,"covered":0,"skipped":0,"pct":100}}
,"D:\\React\\React native\\PayFlow\\PayFlow\\api\\messages.api.ts": {"lines":{"total":18,"covered":18,"skipped":0,"pct":100},"functions":{"total":9,"covered":9,"skipped":0,"pct":100},"statements":{"total":18,"covered":18,"skipped":0,"pct":100},"branches":{"total":2,"covered":2,"skipped":0,"pct":100}}
,"D:\\React\\React native\\PayFlow\\PayFlow\\api\\payu.api.ts": {"lines":{"total":4,"covered":4,"skipped":0,"pct":100},"functions":{"total":2,"covered":2,"skipped":0,"pct":100},"statements":{"total":4,"covered":4,"skipped":0,"pct":100},"branches":{"total":2,"covered":2,"skipped":0,"pct":100}}
,"D:\\React\\React native\\PayFlow\\PayFlow\\api\\transactions.api.ts": {"lines":{"total":6,"covered":6,"skipped":0,"pct":100},"functions":{"total":3,"covered":3,"skipped":0,"pct":100},"statements":{"total":6,"covered":6,"skipped":0,"pct":100},"branches":{"total":0,"covered":0,"skipped":0,"pct":100}}
,"D:\\React\\React native\\PayFlow\\PayFlow\\api\\users.api.ts": {"lines":{"total":8,"covered":8,"skipped":0,"pct":100},"functions":{"total":4,"covered":4,"skipped":0,"pct":100},"statements":{"total":8,"covered":8,"skipped":0,"pct":100},"branches":{"total":0,"covered":0,"skipped":0,"pct":100}}
,"D:\\React\\React native\\PayFlow\\PayFlow\\app\\auth\\login.tsx": {"lines":{"total":20,"covered":20,"skipped":0,"pct":100},"functions":{"total":3,"covered":3,"skipped":0,"pct":100},"statements":{"total":20,"covered":20,"skipped":0,"pct":100},"branches":{"total":10,"covered":10,"skipped":0,"pct":100}}
,"D:\\React\\React native\\PayFlow\\PayFlow\\app\\auth\\register.tsx": {"lines":{"total":13,"covered":13,"skipped":0,"pct":100},"functions":{"total":3,"covered":3,"skipped":0,"pct":100},"statements":{"total":13,"covered":13,"skipped":0,"pct":100},"branches":{"total":2,"covered":2,"skipped":0,"pct":100}}
,"D:\\React\\React native\\PayFlow\\PayFlow\\components\\AppButton.tsx": {"lines":{"total":3,"covered":3,"skipped":0,"pct":100},"functions":{"total":1,"covered":1,"skipped":0,"pct":100},"statements":{"total":3,"covered":3,"skipped":0,"pct":100},"branches":{"total":13,"covered":13,"skipped":0,"pct":100}}
,"D:\\React\\React native\\PayFlow\\PayFlow\\components\\AppInput.tsx": {"lines":{"total":6,"covered":6,"skipped":0,"pct":100},"functions":{"total":4,"covered":4,"skipped":0,"pct":100},"statements":{"total":7,"covered":7,"skipped":0,"pct":100},"branches":{"total":23,"covered":23,"skipped":0,"pct":100}}
,"D:\\React\\React native\\PayFlow\\PayFlow\\components\\AppTabBar.tsx": {"lines":{"total":33,"covered":32,"skipped":0,"pct":96.96},"functions":{"total":14,"covered":13,"skipped":0,"pct":92.85},"statements":{"total":33,"covered":32,"skipped":0,"pct":96.96},"branches":{"total":26,"covered":26,"skipped":0,"pct":100}}
,"D:\\React\\React native\\PayFlow\\PayFlow\\components\\BalanceCard.tsx": {"lines":{"total":5,"covered":5,"skipped":0,"pct":100},"functions":{"total":2,"covered":2,"skipped":0,"pct":100},"statements":{"total":5,"covered":5,"skipped":0,"pct":100},"branches":{"total":23,"covered":22,"skipped":0,"pct":95.65}}
,"D:\\React\\React native\\PayFlow\\PayFlow\\components\\PwaInstallNotice.tsx": {"lines":{"total":14,"covered":14,"skipped":0,"pct":100},"functions":{"total":3,"covered":3,"skipped":0,"pct":100},"statements":{"total":14,"covered":14,"skipped":0,"pct":100},"branches":{"total":15,"covered":15,"skipped":0,"pct":100}}
,"D:\\React\\React native\\PayFlow\\PayFlow\\components\\ToastHost.tsx": {"lines":{"total":23,"covered":23,"skipped":0,"pct":100},"functions":{"total":7,"covered":7,"skipped":0,"pct":100},"statements":{"total":23,"covered":23,"skipped":0,"pct":100},"branches":{"total":10,"covered":10,"skipped":0,"pct":100}}
,"D:\\React\\React native\\PayFlow\\PayFlow\\constants\\keyboard.ts": {"lines":{"total":1,"covered":1,"skipped":0,"pct":100},"functions":{"total":0,"covered":0,"skipped":0,"pct":100},"statements":{"total":1,"covered":1,"skipped":0,"pct":100},"branches":{"total":2,"covered":2,"skipped":0,"pct":100}}
,"D:\\React\\React native\\PayFlow\\PayFlow\\utils\\errorMessage.ts": {"lines":{"total":8,"covered":8,"skipped":0,"pct":100},"functions":{"total":1,"covered":1,"skipped":0,"pct":100},"statements":{"total":9,"covered":9,"skipped":0,"pct":100},"branches":{"total":16,"covered":16,"skipped":0,"pct":100}}
}
