{"D:\\React\\React native\\PayFlow\\PayFlow\\api\\api.ts": {"path":"D:\\React\\React native\\PayFlow\\PayFlow\\api\\api.ts","statementMap":{"0":{"start":{"line":2,"column":4},"end":{"line":3,"column":32}},"1":{"start":{"line":5,"column":23},"end":{"line":7,"column":24}},"2":{"start":{"line":16,"column":21},"end":{"line":23,"column":6}},"3":{"start":{"line":25,"column":17},"end":{"line":25,"column":38}},"4":{"start":{"line":27,"column":4},"end":{"line":29,"column":5}},"5":{"start":{"line":28,"column":8},"end":{"line":28,"column":19}},"6":{"start":{"line":31,"column":4},"end":{"line":31,"column":16}}},"fnMap":{"0":{"name":"apiRequest","decl":{"start":{"line":9,"column":22},"end":{"line":9,"column":32}},"loc":{"start":{"line":14,"column":14},"end":{"line":32,"column":1}},"line":14}},"branchMap":{"0":{"loc":{"start":{"line":2,"column":4},"end":{"line":3,"column":32}},"type":"binary-expr","locations":[{"start":{"line":2,"column":4},"end":{"line":2,"column":35}},{"start":{"line":3,"column":4},"end":{"line":3,"column":32}}],"line":2},"1":{"loc":{"start":{"line":5,"column":23},"end":{"line":7,"column":24}},"type":"cond-expr","locations":[{"start":{"line":6,"column":6},"end":{"line":6,"column":34}},{"start":{"line":7,"column":6},"end":{"line":7,"column":24}}],"line":5},"2":{"loc":{"start":{"line":11,"column":4},"end":{"line":11,"column":26}},"type":"default-arg","locations":[{"start":{"line":11,"column":21},"end":{"line":11,"column":26}}],"line":11},"3":{"loc":{"start":{"line":20,"column":16},"end":{"line":20,"column":61}},"type":"binary-expr","locations":[{"start":{"line":20,"column":16},"end":{"line":20,"column":21}},{"start":{"line":20,"column":25},"end":{"line":20,"column":61}}],"line":20},"4":{"loc":{"start":{"line":22,"column":14},"end":{"line":22,"column":53}},"type":"cond-expr","locations":[{"start":{"line":22,"column":21},"end":{"line":22,"column":41}},{"start":{"line":22,"column":44},"end":{"line":22,"column":53}}],"line":22},"5":{"loc":{"start":{"line":27,"column":4},"end":{"line":29,"column":5}},"type":"if","locations":[{"start":{"line":27,"column":4},"end":{"line":29,"column":5}},{"start":{},"end":{}}],"line":27}},"s":{"0":4,"1":4,"2":3,"3":3,"4":3,"5":1,"6":2},"f":{"0":3},"b":{"0":[4,1],"1":[1,3],"2":[2],"3":[3,1],"4":[1,2],"5":[1,2]},"_coverageSchema":"1a1c01bbd47fc00a2c39e90264f33305004495a9","hash":"89cd5095f13a5f05e09b89f2bbc9b4e7e59c53c2"}
,"D:\\React\\React native\\PayFlow\\PayFlow\\api\\auth.api.ts": {"path":"D:\\React\\React native\\PayFlow\\PayFlow\\api\\auth.api.ts","statementMap":{"0":{"start":{"line":3,"column":21},"end":{"line":5,"column":1}},"1":{"start":{"line":4,"column":4},"end":{"line":4,"column":66}},"2":{"start":{"line":7,"column":24},"end":{"line":9,"column":1}},"3":{"start":{"line":8,"column":4},"end":{"line":8,"column":76}}},"fnMap":{"0":{"name":"(anonymous_0)","decl":{"start":{"line":3,"column":21},"end":{"line":3,"column":22}},"loc":{"start":{"line":3,"column":58},"end":{"line":5,"column":1}},"line":3},"1":{"name":"(anonymous_1)","decl":{"start":{"line":7,"column":24},"end":{"line":7,"column":25}},"loc":{"start":{"line":7,"column":76},"end":{"line":9,"column":1}},"line":7}},"branchMap":{},"s":{"0":1,"1":1,"2":1,"3":1},"f":{"0":1,"1":1},"b":{},"_coverageSchema":"1a1c01bbd47fc00a2c39e90264f33305004495a9","hash":"3c9a55f51207d0e8051d8e4901ff5ab2626d0744"}
,"D:\\React\\React native\\PayFlow\\PayFlow\\api\\authStorage.ts": {"path":"D:\\React\\React native\\PayFlow\\PayFlow\\api\\authStorage.ts","statementMap":{"0":{"start":{"line":3,"column":25},"end":{"line":5,"column":1}},"1":{"start":{"line":4,"column":4},"end":{"line":4,"column":47}},"2":{"start":{"line":7,"column":24},"end":{"line":9,"column":1}},"3":{"start":{"line":8,"column":4},"end":{"line":8,"column":41}},"4":{"start":{"line":11,"column":27},"end":{"line":13,"column":1}},"5":{"start":{"line":12,"column":4},"end":{"line":12,"column":43}}},"fnMap":{"0":{"name":"(anonymous_0)","decl":{"start":{"line":3,"column":25},"end":{"line":3,"column":26}},"loc":{"start":{"line":3,"column":50},"end":{"line":5,"column":1}},"line":3},"1":{"name":"(anonymous_1)","decl":{"start":{"line":7,"column":24},"end":{"line":7,"column":25}},"loc":{"start":{"line":7,"column":36},"end":{"line":9,"column":1}},"line":7},"2":{"name":"(anonymous_2)","decl":{"start":{"line":11,"column":27},"end":{"line":11,"column":28}},"loc":{"start":{"line":11,"column":39},"end":{"line":13,"column":1}},"line":11}},"branchMap":{},"s":{"0":1,"1":1,"2":1,"3":1,"4":1,"5":1},"f":{"0":1,"1":1,"2":1},"b":{},"_coverageSchema":"1a1c01bbd47fc00a2c39e90264f33305004495a9","hash":"3f8b8e3bc142a9f9026105a31ac95add97ecc6f1"}
,"D:\\React\\React native\\PayFlow\\PayFlow\\api\\currency.api.ts": {"path":"D:\\React\\React native\\PayFlow\\PayFlow\\api\\currency.api.ts","statementMap":{"0":{"start":{"line":3,"column":24},"end":{"line":5,"column":1}},"1":{"start":{"line":4,"column":4},"end":{"line":4,"column":41}},"2":{"start":{"line":7,"column":27},"end":{"line":13,"column":1}},"3":{"start":{"line":12,"column":4},"end":{"line":12,"column":83}}},"fnMap":{"0":{"name":"(anonymous_0)","decl":{"start":{"line":3,"column":24},"end":{"line":3,"column":25}},"loc":{"start":{"line":3,"column":30},"end":{"line":5,"column":1}},"line":3},"1":{"name":"(anonymous_1)","decl":{"start":{"line":7,"column":27},"end":{"line":7,"column":28}},"loc":{"start":{"line":11,"column":5},"end":{"line":13,"column":1}},"line":11}},"branchMap":{},"s":{"0":1,"1":1,"2":1,"3":1},"f":{"0":1,"1":1},"b":{},"_coverageSchema":"1a1c01bbd47fc00a2c39e90264f33305004495a9","hash":"73e4c6cb7e4aac07645907e24b04088a81b35913"}
,"D:\\React\\React native\\PayFlow\\PayFlow\\api\\dashboard.api.ts": {"path":"D:\\React\\React native\\PayFlow\\PayFlow\\api\\dashboard.api.ts","statementMap":{"0":{"start":{"line":3,"column":28},"end":{"line":12,"column":1}},"1":{"start":{"line":5,"column":4},"end":{"line":10,"column":6}}},"fnMap":{"0":{"name":"(anonymous_0)","decl":{"start":{"line":3,"column":28},"end":{"line":3,"column":29}},"loc":{"start":{"line":3,"column":53},"end":{"line":12,"column":1}},"line":3}},"branchMap":{},"s":{"0":1,"1":1},"f":{"0":1},"b":{},"_coverageSchema":"1a1c01bbd47fc00a2c39e90264f33305004495a9","hash":"2a4a826217cced05ece28efd81613e96f946ada4"}
,"D:\\React\\React native\\PayFlow\\PayFlow\\api\\messages.api.ts": {"path":"D:\\React\\React native\\PayFlow\\PayFlow\\api\\messages.api.ts","statementMap":{"0":{"start":{"line":3,"column":32},"end":{"line":4,"column":66}},"1":{"start":{"line":4,"column":4},"end":{"line":4,"column":66}},"2":{"start":{"line":6,"column":39},"end":{"line":15,"column":5}},"3":{"start":{"line":10,"column":4},"end":{"line":15,"column":5}},"4":{"start":{"line":17,"column":40},"end":{"line":23,"column":5}},"5":{"start":{"line":18,"column":4},"end":{"line":23,"column":5}},"6":{"start":{"line":25,"column":39},"end":{"line":36,"column":5}},"7":{"start":{"line":31,"column":4},"end":{"line":36,"column":5}},"8":{"start":{"line":38,"column":36},"end":{"line":47,"column":5}},"9":{"start":{"line":42,"column":4},"end":{"line":47,"column":5}},"10":{"start":{"line":49,"column":41},"end":{"line":53,"column":70}},"11":{"start":{"line":53,"column":4},"end":{"line":53,"column":70}},"12":{"start":{"line":55,"column":33},"end":{"line":64,"column":5}},"13":{"start":{"line":59,"column":4},"end":{"line":64,"column":5}},"14":{"start":{"line":66,"column":30},"end":{"line":72,"column":5}},"15":{"start":{"line":67,"column":4},"end":{"line":72,"column":5}},"16":{"start":{"line":74,"column":27},"end":{"line":85,"column":5}},"17":{"start":{"line":80,"column":4},"end":{"line":85,"column":5}}},"fnMap":{"0":{"name":"(anonymous_0)","decl":{"start":{"line":3,"column":32},"end":{"line":3,"column":33}},"loc":{"start":{"line":4,"column":4},"end":{"line":4,"column":66}},"line":4},"1":{"name":"(anonymous_1)","decl":{"start":{"line":6,"column":39},"end":{"line":6,"column":40}},"loc":{"start":{"line":10,"column":4},"end":{"line":15,"column":5}},"line":10},"2":{"name":"(anonymous_2)","decl":{"start":{"line":17,"column":40},"end":{"line":17,"column":41}},"loc":{"start":{"line":18,"column":4},"end":{"line":23,"column":5}},"line":18},"3":{"name":"(anonymous_3)","decl":{"start":{"line":25,"column":39},"end":{"line":25,"column":40}},"loc":{"start":{"line":31,"column":4},"end":{"line":36,"column":5}},"line":31},"4":{"name":"(anonymous_4)","decl":{"start":{"line":38,"column":36},"end":{"line":38,"column":37}},"loc":{"start":{"line":42,"column":4},"end":{"line":47,"column":5}},"line":42},"5":{"name":"(anonymous_5)","decl":{"start":{"line":49,"column":41},"end":{"line":49,"column":42}},"loc":{"start":{"line":53,"column":4},"end":{"line":53,"column":70}},"line":53},"6":{"name":"(anonymous_6)","decl":{"start":{"line":55,"column":33},"end":{"line":55,"column":34}},"loc":{"start":{"line":59,"column":4},"end":{"line":64,"column":5}},"line":59},"7":{"name":"(anonymous_7)","decl":{"start":{"line":66,"column":30},"end":{"line":66,"column":31}},"loc":{"start":{"line":67,"column":4},"end":{"line":72,"column":5}},"line":67},"8":{"name":"(anonymous_8)","decl":{"start":{"line":74,"column":27},"end":{"line":74,"column":28}},"loc":{"start":{"line":80,"column":4},"end":{"line":85,"column":5}},"line":80}},"branchMap":{"0":{"loc":{"start":{"line":34,"column":8},"end":{"line":34,"column":48}},"type":"cond-expr","locations":[{"start":{"line":34,"column":16},"end":{"line":34,"column":34}},{"start":{"line":34,"column":37},"end":{"line":34,"column":48}}],"line":34}},"s":{"0":1,"1":1,"2":1,"3":1,"4":1,"5":1,"6":1,"7":2,"8":1,"9":1,"10":1,"11":1,"12":1,"13":1,"14":1,"15":1,"16":1,"17":1},"f":{"0":1,"1":1,"2":1,"3":2,"4":1,"5":1,"6":1,"7":1,"8":1},"b":{"0":[1,1]},"_coverageSchema":"1a1c01bbd47fc00a2c39e90264f33305004495a9","hash":"54840cdb70548abeeff558af10e026ccf94a2b85"}
,"D:\\React\\React native\\PayFlow\\PayFlow\\api\\payu.api.ts": {"path":"D:\\React\\React native\\PayFlow\\PayFlow\\api\\payu.api.ts","statementMap":{"0":{"start":{"line":3,"column":29},"end":{"line":15,"column":1}},"1":{"start":{"line":9,"column":4},"end":{"line":14,"column":6}},"2":{"start":{"line":17,"column":30},"end":{"line":19,"column":1}},"3":{"start":{"line":18,"column":4},"end":{"line":18,"column":83}}},"fnMap":{"0":{"name":"(anonymous_0)","decl":{"start":{"line":3,"column":29},"end":{"line":3,"column":30}},"loc":{"start":{"line":8,"column":5},"end":{"line":15,"column":1}},"line":8},"1":{"name":"(anonymous_1)","decl":{"start":{"line":17,"column":30},"end":{"line":17,"column":31}},"loc":{"start":{"line":17,"column":74},"end":{"line":19,"column":1}},"line":17}},"branchMap":{"0":{"loc":{"start":{"line":12,"column":8},"end":{"line":12,"column":72}},"type":"cond-expr","locations":[{"start":{"line":12,"column":22},"end":{"line":12,"column":52}},{"start":{"line":12,"column":55},"end":{"line":12,"column":72}}],"line":12}},"s":{"0":1,"1":2,"2":1,"3":1},"f":{"0":2,"1":1},"b":{"0":[1,1]},"_coverageSchema":"1a1c01bbd47fc00a2c39e90264f33305004495a9","hash":"d4d62f465a459b942845a59c25f57441ed23855b"}
,"D:\\React\\React native\\PayFlow\\PayFlow\\api\\transactions.api.ts": {"path":"D:\\React\\React native\\PayFlow\\PayFlow\\api\\transactions.api.ts","statementMap":{"0":{"start":{"line":3,"column":30},"end":{"line":14,"column":1}},"1":{"start":{"line":8,"column":4},"end":{"line":13,"column":6}},"2":{"start":{"line":16,"column":26},"end":{"line":18,"column":1}},"3":{"start":{"line":17,"column":4},"end":{"line":17,"column":72}},"4":{"start":{"line":20,"column":30},"end":{"line":22,"column":1}},"5":{"start":{"line":21,"column":4},"end":{"line":21,"column":70}}},"fnMap":{"0":{"name":"(anonymous_0)","decl":{"start":{"line":3,"column":30},"end":{"line":3,"column":31}},"loc":{"start":{"line":7,"column":5},"end":{"line":14,"column":1}},"line":7},"1":{"name":"(anonymous_1)","decl":{"start":{"line":16,"column":26},"end":{"line":16,"column":27}},"loc":{"start":{"line":16,"column":45},"end":{"line":18,"column":1}},"line":16},"2":{"name":"(anonymous_2)","decl":{"start":{"line":20,"column":30},"end":{"line":20,"column":31}},"loc":{"start":{"line":20,"column":61},"end":{"line":22,"column":1}},"line":20}},"branchMap":{},"s":{"0":1,"1":1,"2":1,"3":1,"4":1,"5":1},"f":{"0":1,"1":1,"2":1},"b":{},"_coverageSchema":"1a1c01bbd47fc00a2c39e90264f33305004495a9","hash":"3a3e6fac7e0a4fb6b6303867b8b116974ed426f8"}
,"D:\\React\\React native\\PayFlow\\PayFlow\\api\\users.api.ts": {"path":"D:\\React\\React native\\PayFlow\\PayFlow\\api\\users.api.ts","statementMap":{"0":{"start":{"line":3,"column":26},"end":{"line":5,"column":1}},"1":{"start":{"line":4,"column":4},"end":{"line":4,"column":65}},"2":{"start":{"line":7,"column":24},"end":{"line":9,"column":1}},"3":{"start":{"line":8,"column":4},"end":{"line":8,"column":57}},"4":{"start":{"line":11,"column":29},"end":{"line":13,"column":1}},"5":{"start":{"line":12,"column":4},"end":{"line":12,"column":75}},"6":{"start":{"line":15,"column":26},"end":{"line":17,"column":1}},"7":{"start":{"line":16,"column":4},"end":{"line":16,"column":69}}},"fnMap":{"0":{"name":"(anonymous_0)","decl":{"start":{"line":3,"column":26},"end":{"line":3,"column":27}},"loc":{"start":{"line":3,"column":45},"end":{"line":5,"column":1}},"line":3},"1":{"name":"(anonymous_1)","decl":{"start":{"line":7,"column":24},"end":{"line":7,"column":25}},"loc":{"start":{"line":7,"column":43},"end":{"line":9,"column":1}},"line":7},"2":{"name":"(anonymous_2)","decl":{"start":{"line":11,"column":29},"end":{"line":11,"column":30}},"loc":{"start":{"line":11,"column":77},"end":{"line":13,"column":1}},"line":11},"3":{"name":"(anonymous_3)","decl":{"start":{"line":15,"column":26},"end":{"line":15,"column":27}},"loc":{"start":{"line":15,"column":71},"end":{"line":17,"column":1}},"line":15}},"branchMap":{},"s":{"0":1,"1":1,"2":1,"3":1,"4":1,"5":1,"6":1,"7":1},"f":{"0":1,"1":1,"2":1,"3":1},"b":{},"_coverageSchema":"1a1c01bbd47fc00a2c39e90264f33305004495a9","hash":"3a954a6140ba5eccba27e94da77473c1d3ba1817"}
,"D:\\React\\React native\\PayFlow\\PayFlow\\app\\auth\\login.tsx": {"path":"D:\\React\\React native\\PayFlow\\PayFlow\\app\\auth\\login.tsx","statementMap":{"0":{"start":{"line":21,"column":30},"end":{"line":21,"column":42}},"1":{"start":{"line":22,"column":36},"end":{"line":22,"column":48}},"2":{"start":{"line":23,"column":34},"end":{"line":23,"column":49}},"3":{"start":{"line":24,"column":40},"end":{"line":24,"column":53}},"4":{"start":{"line":26,"column":24},"end":{"line":54,"column":5}},"5":{"start":{"line":27,"column":8},"end":{"line":30,"column":9}},"6":{"start":{"line":28,"column":12},"end":{"line":28,"column":65}},"7":{"start":{"line":29,"column":12},"end":{"line":29,"column":19}},"8":{"start":{"line":32,"column":8},"end":{"line":53,"column":9}},"9":{"start":{"line":33,"column":12},"end":{"line":33,"column":29}},"10":{"start":{"line":34,"column":25},"end":{"line":38,"column":13}},"11":{"start":{"line":39,"column":12},"end":{"line":39,"column":50}},"12":{"start":{"line":40,"column":12},"end":{"line":40,"column":65}},"13":{"start":{"line":41,"column":12},"end":{"line":41,"column":38}},"14":{"start":{"line":43,"column":28},"end":{"line":43,"column":77}},"15":{"start":{"line":44,"column":12},"end":{"line":50,"column":14}},"16":{"start":{"line":52,"column":12},"end":{"line":52,"column":30}},"17":{"start":{"line":56,"column":4},"end":{"line":108,"column":6}},"18":{"start":{"line":101,"column":43},"end":{"line":101,"column":72}},"19":{"start":{"line":111,"column":15},"end":{"line":160,"column":2}}},"fnMap":{"0":{"name":"LoginScreen","decl":{"start":{"line":20,"column":24},"end":{"line":20,"column":35}},"loc":{"start":{"line":20,"column":38},"end":{"line":109,"column":1}},"line":20},"1":{"name":"(anonymous_1)","decl":{"start":{"line":26,"column":24},"end":{"line":26,"column":25}},"loc":{"start":{"line":26,"column":36},"end":{"line":54,"column":5}},"line":26},"2":{"name":"(anonymous_2)","decl":{"start":{"line":101,"column":37},"end":{"line":101,"column":38}},"loc":{"start":{"line":101,"column":43},"end":{"line":101,"column":72}},"line":101}},"branchMap":{"0":{"loc":{"start":{"line":27,"column":8},"end":{"line":30,"column":9}},"type":"if","locations":[{"start":{"line":27,"column":8},"end":{"line":30,"column":9}},{"start":{},"end":{}}],"line":27},"1":{"loc":{"start":{"line":27,"column":12},"end":{"line":27,"column":31}},"type":"binary-expr","locations":[{"start":{"line":27,"column":12},"end":{"line":27,"column":18}},{"start":{"line":27,"column":22},"end":{"line":27,"column":31}}],"line":27},"2":{"loc":{"start":{"line":46,"column":16},"end":{"line":48,"column":29}},"type":"cond-expr","locations":[{"start":{"line":47,"column":22},"end":{"line":47,"column":53}},{"start":{"line":48,"column":22},"end":{"line":48,"column":29}}],"line":46},"3":{"loc":{"start":{"line":60,"column":26},"end":{"line":60,"column":71}},"type":"cond-expr","locations":[{"start":{"line":60,"column":50},"end":{"line":60,"column":59}},{"start":{"line":60,"column":62},"end":{"line":60,"column":71}}],"line":60},"4":{"loc":{"start":{"line":93,"column":35},"end":{"line":93,"column":75}},"type":"cond-expr","locations":[{"start":{"line":93,"column":45},"end":{"line":93,"column":59}},{"start":{"line":93,"column":62},"end":{"line":93,"column":75}}],"line":93}},"s":{"0":17,"1":17,"2":17,"3":17,"4":17,"5":4,"6":1,"7":1,"8":3,"9":3,"10":3,"11":1,"12":1,"13":1,"14":2,"15":2,"16":3,"17":17,"18":1,"19":1},"f":{"0":17,"1":4,"2":1},"b":{"0":[1,3],"1":[4,3],"2":[1,1],"3":[16,1],"4":[3,14]},"_coverageSchema":"1a1c01bbd47fc00a2c39e90264f33305004495a9","hash":"3eeb0219662ed217b37d8dc94317e5d5784f9fad"}
,"D:\\React\\React native\\PayFlow\\PayFlow\\app\\auth\\register.tsx": {"path":"D:\\React\\React native\\PayFlow\\PayFlow\\app\\auth\\register.tsx","statementMap":{"0":{"start":{"line":22,"column":30},"end":{"line":22,"column":42}},"1":{"start":{"line":23,"column":30},"end":{"line":23,"column":42}},"2":{"start":{"line":24,"column":36},"end":{"line":24,"column":48}},"3":{"start":{"line":25,"column":26},"end":{"line":25,"column":39}},"4":{"start":{"line":27,"column":27},"end":{"line":43,"column":5}},"5":{"start":{"line":28,"column":8},"end":{"line":42,"column":9}},"6":{"start":{"line":29,"column":12},"end":{"line":33,"column":15}},"7":{"start":{"line":34,"column":12},"end":{"line":34,"column":62}},"8":{"start":{"line":35,"column":12},"end":{"line":35,"column":42}},"9":{"start":{"line":37,"column":12},"end":{"line":41,"column":14}},"10":{"start":{"line":45,"column":4},"end":{"line":106,"column":6}},"11":{"start":{"line":99,"column":43},"end":{"line":99,"column":56}},"12":{"start":{"line":109,"column":15},"end":{"line":153,"column":2}}},"fnMap":{"0":{"name":"RegisterScreen","decl":{"start":{"line":21,"column":24},"end":{"line":21,"column":38}},"loc":{"start":{"line":21,"column":41},"end":{"line":107,"column":1}},"line":21},"1":{"name":"(anonymous_1)","decl":{"start":{"line":27,"column":27},"end":{"line":27,"column":28}},"loc":{"start":{"line":27,"column":39},"end":{"line":43,"column":5}},"line":27},"2":{"name":"(anonymous_2)","decl":{"start":{"line":99,"column":37},"end":{"line":99,"column":38}},"loc":{"start":{"line":99,"column":43},"end":{"line":99,"column":56}},"line":99}},"branchMap":{"0":{"loc":{"start":{"line":49,"column":26},"end":{"line":49,"column":71}},"type":"cond-expr","locations":[{"start":{"line":49,"column":50},"end":{"line":49,"column":59}},{"start":{"line":49,"column":62},"end":{"line":49,"column":71}}],"line":49}},"s":{"0":5,"1":5,"2":5,"3":5,"4":5,"5":2,"6":2,"7":1,"8":1,"9":1,"10":5,"11":1,"12":1},"f":{"0":5,"1":2,"2":1},"b":{"0":[4,1]},"_coverageSchema":"1a1c01bbd47fc00a2c39e90264f33305004495a9","hash":"6f7ed437b96e634f1fe86352c1ff08a201a5e1af"}
,"D:\\React\\React native\\PayFlow\\PayFlow\\components\\AppButton.tsx": {"path":"D:\\React\\React native\\PayFlow\\PayFlow\\components\\AppButton.tsx","statementMap":{"0":{"start":{"line":32,"column":23},"end":{"line":32,"column":42}},"1":{"start":{"line":34,"column":4},"end":{"line":57,"column":6}},"2":{"start":{"line":60,"column":15},"end":{"line":95,"column":2}}},"fnMap":{"0":{"name":"AppButton","decl":{"start":{"line":23,"column":24},"end":{"line":23,"column":33}},"loc":{"start":{"line":31,"column":10},"end":{"line":58,"column":1}},"line":31}},"branchMap":{"0":{"loc":{"start":{"line":26,"column":4},"end":{"line":26,"column":23}},"type":"default-arg","locations":[{"start":{"line":26,"column":14},"end":{"line":26,"column":23}}],"line":26},"1":{"loc":{"start":{"line":27,"column":4},"end":{"line":27,"column":20}},"type":"default-arg","locations":[{"start":{"line":27,"column":15},"end":{"line":27,"column":20}}],"line":27},"2":{"loc":{"start":{"line":28,"column":4},"end":{"line":28,"column":19}},"type":"default-arg","locations":[{"start":{"line":28,"column":14},"end":{"line":28,"column":19}}],"line":28},"3":{"loc":{"start":{"line":32,"column":23},"end":{"line":32,"column":42}},"type":"binary-expr","locations":[{"start":{"line":32,"column":23},"end":{"line":32,"column":31}},{"start":{"line":32,"column":35},"end":{"line":32,"column":42}}],"line":32},"4":{"loc":{"start":{"line":39,"column":16},"end":{"line":39,"column":45}},"type":"binary-expr","locations":[{"start":{"line":39,"column":16},"end":{"line":39,"column":26}},{"start":{"line":39,"column":30},"end":{"line":39,"column":45}}],"line":39},"5":{"loc":{"start":{"line":46,"column":13},"end":{"line":55,"column":13}},"type":"cond-expr","locations":[{"start":{"line":47,"column":16},"end":{"line":50,"column":18}},{"start":{"line":52,"column":16},"end":{"line":54,"column":23}}],"line":46},"6":{"loc":{"start":{"line":49,"column":27},"end":{"line":49,"column":104}},"type":"cond-expr","locations":[{"start":{"line":49,"column":75},"end":{"line":49,"column":81}},{"start":{"line":49,"column":84},"end":{"line":49,"column":104}}],"line":49},"7":{"loc":{"start":{"line":49,"column":27},"end":{"line":49,"column":72}},"type":"binary-expr","locations":[{"start":{"line":49,"column":27},"end":{"line":49,"column":48}},{"start":{"line":49,"column":52},"end":{"line":49,"column":72}}],"line":49}},"s":{"0":47,"1":47,"2":2},"f":{"0":47},"b":{"0":[23],"1":[30],"2":[28],"3":[47,44],"4":[47,5],"5":[5,42],"6":[4,1],"7":[5,2]},"_coverageSchema":"1a1c01bbd47fc00a2c39e90264f33305004495a9","hash":"ad20ddad1277997377213dfb131d3086448cb2f7"}
,"D:\\React\\React native\\PayFlow\\PayFlow\\components\\AppInput.tsx": {"path":"D:\\React\\React native\\PayFlow\\PayFlow\\components\\AppInput.tsx","statementMap":{"0":{"start":{"line":28,"column":54},"end":{"line":28,"column":69}},"1":{"start":{"line":29,"column":27},"end":{"line":32,"column":5}},"2":{"start":{"line":30,"column":14},"end":{"line":30,"column":74}},"3":{"start":{"line":34,"column":4},"end":{"line":68,"column":6}},"4":{"start":{"line":51,"column":39},"end":{"line":51,"column":82}},"5":{"start":{"line":51,"column":73},"end":{"line":51,"column":81}},"6":{"start":{"line":71,"column":15},"end":{"line":109,"column":2}}},"fnMap":{"0":{"name":"AppInput","decl":{"start":{"line":20,"column":24},"end":{"line":20,"column":32}},"loc":{"start":{"line":27,"column":10},"end":{"line":69,"column":1}},"line":27},"1":{"name":"(anonymous_1)","decl":{"start":{"line":30,"column":8},"end":{"line":30,"column":9}},"loc":{"start":{"line":30,"column":14},"end":{"line":30,"column":74}},"line":30},"2":{"name":"(anonymous_2)","decl":{"start":{"line":51,"column":33},"end":{"line":51,"column":34}},"loc":{"start":{"line":51,"column":39},"end":{"line":51,"column":82}},"line":51},"3":{"name":"(anonymous_3)","decl":{"start":{"line":51,"column":60},"end":{"line":51,"column":61}},"loc":{"start":{"line":51,"column":73},"end":{"line":51,"column":81}},"line":51}},"branchMap":{"0":{"loc":{"start":{"line":24,"column":4},"end":{"line":24,"column":22}},"type":"default-arg","locations":[{"start":{"line":24,"column":17},"end":{"line":24,"column":22}}],"line":24},"1":{"loc":{"start":{"line":30,"column":14},"end":{"line":30,"column":74}},"type":"binary-expr","locations":[{"start":{"line":30,"column":14},"end":{"line":30,"column":52}},{"start":{"line":30,"column":56},"end":{"line":30,"column":74}}],"line":30},"2":{"loc":{"start":{"line":30,"column":22},"end":{"line":30,"column":51}},"type":"binary-expr","locations":[{"start":{"line":30,"column":22},"end":{"line":30,"column":32}},{"start":{"line":30,"column":36},"end":{"line":30,"column":51}}],"line":30},"3":{"loc":{"start":{"line":36,"column":13},"end":{"line":36,"column":63}},"type":"binary-expr","locations":[{"start":{"line":36,"column":13},"end":{"line":36,"column":18}},{"start":{"line":36,"column":22},"end":{"line":36,"column":63}}],"line":36},"4":{"loc":{"start":{"line":41,"column":24},"end":{"line":41,"column":86}},"type":"binary-expr","locations":[{"start":{"line":41,"column":24},"end":{"line":41,"column":62}},{"start":{"line":41,"column":66},"end":{"line":41,"column":86}}],"line":41},"5":{"loc":{"start":{"line":41,"column":32},"end":{"line":41,"column":61}},"type":"binary-expr","locations":[{"start":{"line":41,"column":32},"end":{"line":41,"column":42}},{"start":{"line":41,"column":46},"end":{"line":41,"column":61}}],"line":41},"6":{"loc":{"start":{"line":42,"column":24},"end":{"line":42,"column":50}},"type":"binary-expr","locations":[{"start":{"line":42,"column":24},"end":{"line":42,"column":29}},{"start":{"line":42,"column":33},"end":{"line":42,"column":50}}],"line":42},"7":{"loc":{"start":{"line":49,"column":17},"end":{"line":64,"column":17}},"type":"binary-expr","locations":[{"start":{"line":49,"column":17},"end":{"line":49,"column":55}},{"start":{"line":50,"column":20},"end":{"line":63,"column":32}}],"line":49},"8":{"loc":{"start":{"line":49,"column":25},"end":{"line":49,"column":54}},"type":"binary-expr","locations":[{"start":{"line":49,"column":25},"end":{"line":49,"column":35}},{"start":{"line":49,"column":39},"end":{"line":49,"column":54}}],"line":49},"9":{"loc":{"start":{"line":55,"column":28},"end":{"line":55,"column":77}},"type":"cond-expr","locations":[{"start":{"line":55,"column":48},"end":{"line":55,"column":61}},{"start":{"line":55,"column":64},"end":{"line":55,"column":77}}],"line":55},"10":{"loc":{"start":{"line":59,"column":34},"end":{"line":59,"column":87}},"type":"cond-expr","locations":[{"start":{"line":59,"column":54},"end":{"line":59,"column":71}},{"start":{"line":59,"column":74},"end":{"line":59,"column":87}}],"line":59},"11":{"loc":{"start":{"line":66,"column":13},"end":{"line":66,"column":67}},"type":"binary-expr","locations":[{"start":{"line":66,"column":13},"end":{"line":66,"column":18}},{"start":{"line":66,"column":22},"end":{"line":66,"column":67}}],"line":66}},"s":{"0":53,"1":53,"2":20,"3":53,"4":2,"5":2,"6":2},"f":{"0":53,"1":20,"2":2,"3":2},"b":{"0":[28],"1":[20,10],"2":[20,10],"3":[53,1],"4":[53,25],"5":[53,28],"6":[53,1],"7":[53,25],"8":[53,28],"9":[1,24],"10":[1,24],"11":[53,1]},"_coverageSchema":"1a1c01bbd47fc00a2c39e90264f33305004495a9","hash":"65d9972028551a66b4550baebd67047509f96152"}
,"D:\\React\\React native\\PayFlow\\PayFlow\\components\\AppTabBar.tsx": {"path":"D:\\React\\React native\\PayFlow\\PayFlow\\components\\AppTabBar.tsx","statementMap":{"0":{"start":{"line":17,"column":21},"end":{"line":42,"column":10}},"1":{"start":{"line":47,"column":4},"end":{"line":68,"column":1}},"2":{"start":{"line":71,"column":40},"end":{"line":71,"column":53}},"3":{"start":{"line":72,"column":40},"end":{"line":72,"column":55}},"4":{"start":{"line":73,"column":17},"end":{"line":73,"column":54}},"5":{"start":{"line":74,"column":23},"end":{"line":74,"column":61}},"6":{"start":{"line":76,"column":29},"end":{"line":76,"column":60}},"7":{"start":{"line":77,"column":26},"end":{"line":90,"column":5}},"8":{"start":{"line":79,"column":12},"end":{"line":88,"column":17}},"9":{"start":{"line":80,"column":33},"end":{"line":83,"column":17}},"10":{"start":{"line":86,"column":24},"end":{"line":87,"column":82}},"11":{"start":{"line":92,"column":25},"end":{"line":95,"column":5}},"12":{"start":{"line":94,"column":40},"end":{"line":94,"column":74}},"13":{"start":{"line":97,"column":4},"end":{"line":115,"column":39}},"14":{"start":{"line":98,"column":8},"end":{"line":114,"column":9}},"15":{"start":{"line":99,"column":12},"end":{"line":110,"column":23}},"16":{"start":{"line":112,"column":12},"end":{"line":112,"column":29}},"17":{"start":{"line":113,"column":12},"end":{"line":113,"column":36}},"18":{"start":{"line":117,"column":4},"end":{"line":261,"column":6}},"19":{"start":{"line":122,"column":43},"end":{"line":124,"column":25}},"20":{"start":{"line":123,"column":39},"end":{"line":123,"column":67}},"21":{"start":{"line":126,"column":24},"end":{"line":128,"column":25}},"22":{"start":{"line":127,"column":28},"end":{"line":127,"column":40}},"23":{"start":{"line":130,"column":42},"end":{"line":130,"column":68}},"24":{"start":{"line":132,"column":24},"end":{"line":171,"column":26}},"25":{"start":{"line":137,"column":47},"end":{"line":137,"column":81}},"26":{"start":{"line":177,"column":39},"end":{"line":177,"column":58}},"27":{"start":{"line":206,"column":38},"end":{"line":206,"column":58}},"28":{"start":{"line":210,"column":35},"end":{"line":210,"column":55}},"29":{"start":{"line":227,"column":28},"end":{"line":255,"column":40}},"30":{"start":{"line":231,"column":36},"end":{"line":231,"column":57}},"31":{"start":{"line":232,"column":36},"end":{"line":232,"column":72}},"32":{"start":{"line":264,"column":15},"end":{"line":376,"column":2}}},"fnMap":{"0":{"name":"AppTabBar","decl":{"start":{"line":70,"column":24},"end":{"line":70,"column":33}},"loc":{"start":{"line":70,"column":76},"end":{"line":262,"column":1}},"line":70},"1":{"name":"(anonymous_1)","decl":{"start":{"line":78,"column":8},"end":{"line":78,"column":9}},"loc":{"start":{"line":79,"column":12},"end":{"line":88,"column":17}},"line":79},"2":{"name":"(anonymous_2)","decl":{"start":{"line":80,"column":21},"end":{"line":80,"column":22}},"loc":{"start":{"line":80,"column":33},"end":{"line":83,"column":17}},"line":80},"3":{"name":"(anonymous_3)","decl":{"start":{"line":85,"column":20},"end":{"line":85,"column":21}},"loc":{"start":{"line":86,"column":24},"end":{"line":87,"column":82}},"line":86},"4":{"name":"(anonymous_4)","decl":{"start":{"line":94,"column":31},"end":{"line":94,"column":32}},"loc":{"start":{"line":94,"column":40},"end":{"line":94,"column":74}},"line":94},"5":{"name":"(anonymous_5)","decl":{"start":{"line":97,"column":14},"end":{"line":97,"column":15}},"loc":{"start":{"line":97,"column":20},"end":{"line":115,"column":5}},"line":97},"6":{"name":"(anonymous_6)","decl":{"start":{"line":121,"column":38},"end":{"line":121,"column":39}},"loc":{"start":{"line":121,"column":47},"end":{"line":172,"column":21}},"line":121},"7":{"name":"(anonymous_7)","decl":{"start":{"line":123,"column":28},"end":{"line":123,"column":29}},"loc":{"start":{"line":123,"column":39},"end":{"line":123,"column":67}},"line":123},"8":{"name":"(anonymous_8)","decl":{"start":{"line":137,"column":41},"end":{"line":137,"column":42}},"loc":{"start":{"line":137,"column":47},"end":{"line":137,"column":81}},"line":137},"9":{"name":"(anonymous_9)","decl":{"start":{"line":177,"column":33},"end":{"line":177,"column":34}},"loc":{"start":{"line":177,"column":39},"end":{"line":177,"column":58}},"line":177},"10":{"name":"(anonymous_10)","decl":{"start":{"line":206,"column":32},"end":{"line":206,"column":33}},"loc":{"start":{"line":206,"column":38},"end":{"line":206,"column":58}},"line":206},"11":{"name":"(anonymous_11)","decl":{"start":{"line":210,"column":29},"end":{"line":210,"column":30}},"loc":{"start":{"line":210,"column":35},"end":{"line":210,"column":55}},"line":210},"12":{"name":"(anonymous_12)","decl":{"start":{"line":226,"column":43},"end":{"line":226,"column":44}},"loc":{"start":{"line":227,"column":28},"end":{"line":255,"column":40}},"line":227},"13":{"name":"(anonymous_13)","decl":{"start":{"line":230,"column":41},"end":{"line":230,"column":42}},"loc":{"start":{"line":230,"column":47},"end":{"line":233,"column":33}},"line":230}},"branchMap":{"0":{"loc":{"start":{"line":86,"column":24},"end":{"line":87,"column":82}},"type":"binary-expr","locations":[{"start":{"line":86,"column":24},"end":{"line":86,"column":35}},{"start":{"line":87,"column":25},"end":{"line":87,"column":52}},{"start":{"line":87,"column":56},"end":{"line":87,"column":81}}],"line":86},"1":{"loc":{"start":{"line":93,"column":8},"end":{"line":94,"column":75}},"type":"binary-expr","locations":[{"start":{"line":93,"column":8},"end":{"line":93,"column":24}},{"start":{"line":94,"column":12},"end":{"line":94,"column":75}}],"line":93},"2":{"loc":{"start":{"line":98,"column":8},"end":{"line":114,"column":9}},"type":"if","locations":[{"start":{"line":98,"column":8},"end":{"line":114,"column":9}},{"start":{"line":111,"column":15},"end":{"line":114,"column":9}}],"line":98},"3":{"loc":{"start":{"line":126,"column":24},"end":{"line":128,"column":25}},"type":"if","locations":[{"start":{"line":126,"column":24},"end":{"line":128,"column":25}},{"start":{},"end":{}}],"line":126},"4":{"loc":{"start":{"line":142,"column":45},"end":{"line":142,"column":82}},"type":"cond-expr","locations":[{"start":{"line":142,"column":57},"end":{"line":142,"column":71}},{"start":{"line":142,"column":74},"end":{"line":142,"column":82}}],"line":142},"5":{"loc":{"start":{"line":146,"column":44},"end":{"line":148,"column":72}},"type":"cond-expr","locations":[{"start":{"line":147,"column":50},"end":{"line":147,"column":70}},{"start":{"line":148,"column":50},"end":{"line":148,"column":72}}],"line":146},"6":{"loc":{"start":{"line":151,"column":37},"end":{"line":160,"column":41}},"type":"binary-expr","locations":[{"start":{"line":151,"column":37},"end":{"line":151,"column":65}},{"start":{"line":152,"column":40},"end":{"line":152,"column":58}},{"start":{"line":153,"column":44},"end":{"line":159,"column":51}}],"line":151},"7":{"loc":{"start":{"line":155,"column":53},"end":{"line":157,"column":72}},"type":"cond-expr","locations":[{"start":{"line":156,"column":58},"end":{"line":156,"column":62}},{"start":{"line":157,"column":58},"end":{"line":157,"column":72}}],"line":155},"8":{"loc":{"start":{"line":165,"column":40},"end":{"line":165,"column":74}},"type":"binary-expr","locations":[{"start":{"line":165,"column":40},"end":{"line":165,"column":49}},{"start":{"line":165,"column":53},"end":{"line":165,"column":74}}],"line":165},"9":{"loc":{"start":{"line":181,"column":38},"end":{"line":181,"column":120}},"type":"cond-expr","locations":[{"start":{"line":181,"column":53},"end":{"line":181,"column":81}},{"start":{"line":181,"column":84},"end":{"line":181,"column":120}}],"line":181},"10":{"loc":{"start":{"line":184,"column":36},"end":{"line":186,"column":64}},"type":"cond-expr","locations":[{"start":{"line":185,"column":42},"end":{"line":185,"column":62}},{"start":{"line":186,"column":42},"end":{"line":186,"column":64}}],"line":184},"11":{"loc":{"start":{"line":193,"column":32},"end":{"line":193,"column":69}},"type":"binary-expr","locations":[{"start":{"line":193,"column":32},"end":{"line":193,"column":44}},{"start":{"line":193,"column":48},"end":{"line":193,"column":69}}],"line":193}},"s":{"0":1,"1":1,"2":8,"3":8,"4":8,"5":8,"6":8,"7":8,"8":3,"9":23,"10":23,"11":8,"12":32,"13":8,"14":8,"15":3,"16":5,"17":5,"18":8,"19":32,"20":89,"21":32,"22":3,"23":29,"24":29,"25":1,"26":3,"27":0,"28":1,"29":27,"30":1,"31":1,"32":1},"f":{"0":8,"1":3,"2":23,"3":23,"4":32,"5":8,"6":32,"7":89,"8":1,"9":3,"10":0,"11":1,"12":27,"13":1},"b":{"0":[23,12,3],"1":[8,8],"2":[3,5],"3":[3,29],"4":[2,27],"5":[2,27],"6":[29,8,5],"7":[2,3],"8":[29,2],"9":[6,2],"10":[6,2],"11":[8,6]},"_coverageSchema":"1a1c01bbd47fc00a2c39e90264f33305004495a9","hash":"8b664550e8153fa475c6a025c190cb67480902ea"}
,"D:\\React\\React native\\PayFlow\\PayFlow\\components\\BalanceCard.tsx": {"path":"D:\\React\\React native\\PayFlow\\PayFlow\\components\\BalanceCard.tsx","statementMap":{"0":{"start":{"line":14,"column":55},"end":{"line":14,"column":68}},"1":{"start":{"line":16,"column":22},"end":{"line":17,"column":72}},"2":{"start":{"line":17,"column":8},"end":{"line":17,"column":72}},"3":{"start":{"line":19,"column":4},"end":{"line":68,"column":6}},"4":{"start":{"line":71,"column":15},"end":{"line":140,"column":2}}},"fnMap":{"0":{"name":"BalanceCard","decl":{"start":{"line":13,"column":24},"end":{"line":13,"column":35}},"loc":{"start":{"line":13,"column":88},"end":{"line":69,"column":1}},"line":13},"1":{"name":"(anonymous_1)","decl":{"start":{"line":16,"column":22},"end":{"line":16,"column":23}},"loc":{"start":{"line":17,"column":8},"end":{"line":17,"column":72}},"line":17}},"branchMap":{"0":{"loc":{"start":{"line":13,"column":47},"end":{"line":13,"column":61}},"type":"default-arg","locations":[{"start":{"line":13,"column":60},"end":{"line":13,"column":61}}],"line":13},"1":{"loc":{"start":{"line":13,"column":63},"end":{"line":13,"column":77}},"type":"default-arg","locations":[{"start":{"line":13,"column":76},"end":{"line":13,"column":77}}],"line":13},"2":{"loc":{"start":{"line":17,"column":8},"end":{"line":17,"column":72}},"type":"cond-expr","locations":[{"start":{"line":17,"column":28},"end":{"line":17,"column":61}},{"start":{"line":17,"column":64},"end":{"line":17,"column":72}}],"line":17},"3":{"loc":{"start":{"line":29,"column":28},"end":{"line":29,"column":93}},"type":"cond-expr","locations":[{"start":{"line":29,"column":48},"end":{"line":29,"column":69}},{"start":{"line":29,"column":72},"end":{"line":29,"column":93}}],"line":29},"4":{"loc":{"start":{"line":33,"column":34},"end":{"line":33,"column":87}},"type":"cond-expr","locations":[{"start":{"line":33,"column":54},"end":{"line":33,"column":71}},{"start":{"line":33,"column":74},"end":{"line":33,"column":87}}],"line":33},"5":{"loc":{"start":{"line":43,"column":13},"end":{"line":56,"column":13}},"type":"binary-expr","locations":[{"start":{"line":43,"column":14},"end":{"line":43,"column":28}},{"start":{"line":43,"column":32},"end":{"line":43,"column":46}},{"start":{"line":44,"column":16},"end":{"line":55,"column":23}}],"line":43},"6":{"loc":{"start":{"line":45,"column":21},"end":{"line":49,"column":21}},"type":"binary-expr","locations":[{"start":{"line":45,"column":21},"end":{"line":45,"column":35}},{"start":{"line":46,"column":24},"end":{"line":48,"column":31}}],"line":45},"7":{"loc":{"start":{"line":47,"column":33},"end":{"line":47,"column":83}},"type":"cond-expr","locations":[{"start":{"line":47,"column":53},"end":{"line":47,"column":74}},{"start":{"line":47,"column":77},"end":{"line":47,"column":83}}],"line":47},"8":{"loc":{"start":{"line":50,"column":21},"end":{"line":54,"column":21}},"type":"binary-expr","locations":[{"start":{"line":50,"column":21},"end":{"line":50,"column":35}},{"start":{"line":51,"column":24},"end":{"line":53,"column":31}}],"line":50},"9":{"loc":{"start":{"line":52,"column":33},"end":{"line":52,"column":83}},"type":"cond-expr","locations":[{"start":{"line":52,"column":53},"end":{"line":52,"column":74}},{"start":{"line":52,"column":77},"end":{"line":52,"column":83}}],"line":52},"10":{"loc":{"start":{"line":59,"column":21},"end":{"line":59,"column":92}},"type":"cond-expr","locations":[{"start":{"line":59,"column":41},"end":{"line":59,"column":70}},{"start":{"line":59,"column":73},"end":{"line":59,"column":92}}],"line":59},"11":{"loc":{"start":{"line":62,"column":21},"end":{"line":64,"column":70}},"type":"cond-expr","locations":[{"start":{"line":63,"column":26},"end":{"line":63,"column":67}},{"start":{"line":64,"column":26},"end":{"line":64,"column":70}}],"line":62}},"s":{"0":3,"1":3,"2":3,"3":3,"4":1},"f":{"0":3,"1":3},"b":{"0":[1],"1":[2],"2":[2,1],"3":[2,1],"4":[2,1],"5":[3,1,2],"6":[2,2],"7":[1,1],"8":[2,1],"9":[0,1],"10":[2,1],"11":[2,1]},"_coverageSchema":"1a1c01bbd47fc00a2c39e90264f33305004495a9","hash":"fb29e2415bb0f6636569097ddeedaedb5d2074ed"}
,"D:\\React\\React native\\PayFlow\\PayFlow\\components\\PwaInstallNotice.tsx": {"path":"D:\\React\\React native\\PayFlow\\PayFlow\\components\\PwaInstallNotice.tsx","statementMap":{"0":{"start":{"line":12,"column":38},"end":{"line":12,"column":53}},"1":{"start":{"line":14,"column":23},"end":{"line":29,"column":19}},"2":{"start":{"line":15,"column":8},"end":{"line":17,"column":9}},"3":{"start":{"line":16,"column":12},"end":{"line":16,"column":25}},"4":{"start":{"line":19,"column":26},"end":{"line":19,"column":66}},"5":{"start":{"line":20,"column":22},"end":{"line":20,"column":56}},"6":{"start":{"line":22,"column":12},"end":{"line":23,"column":63}},"7":{"start":{"line":24,"column":29},"end":{"line":26,"column":9}},"8":{"start":{"line":28,"column":8},"end":{"line":28,"column":50}},"9":{"start":{"line":31,"column":4},"end":{"line":33,"column":5}},"10":{"start":{"line":32,"column":8},"end":{"line":32,"column":20}},"11":{"start":{"line":35,"column":4},"end":{"line":59,"column":6}},"12":{"start":{"line":46,"column":42},"end":{"line":46,"column":60}},"13":{"start":{"line":62,"column":15},"end":{"line":103,"column":2}}},"fnMap":{"0":{"name":"PwaInstallNotice","decl":{"start":{"line":11,"column":24},"end":{"line":11,"column":40}},"loc":{"start":{"line":11,"column":69},"end":{"line":60,"column":1}},"line":11},"1":{"name":"(anonymous_1)","decl":{"start":{"line":14,"column":31},"end":{"line":14,"column":32}},"loc":{"start":{"line":14,"column":37},"end":{"line":29,"column":5}},"line":14},"2":{"name":"(anonymous_2)","decl":{"start":{"line":46,"column":36},"end":{"line":46,"column":37}},"loc":{"start":{"line":46,"column":42},"end":{"line":46,"column":60}},"line":46}},"branchMap":{"0":{"loc":{"start":{"line":11,"column":43},"end":{"line":11,"column":58}},"type":"default-arg","locations":[{"start":{"line":11,"column":53},"end":{"line":11,"column":58}}],"line":11},"1":{"loc":{"start":{"line":15,"column":8},"end":{"line":17,"column":9}},"type":"if","locations":[{"start":{"line":15,"column":8},"end":{"line":17,"column":9}},{"start":{},"end":{}}],"line":15},"2":{"loc":{"start":{"line":15,"column":12},"end":{"line":15,"column":79}},"type":"binary-expr","locations":[{"start":{"line":15,"column":12},"end":{"line":15,"column":33}},{"start":{"line":15,"column":37},"end":{"line":15,"column":46}},{"start":{"line":15,"column":50},"end":{"line":15,"column":79}}],"line":15},"3":{"loc":{"start":{"line":22,"column":12},"end":{"line":23,"column":63}},"type":"binary-expr","locations":[{"start":{"line":22,"column":12},"end":{"line":22,"column":36}},{"start":{"line":23,"column":12},"end":{"line":23,"column":63}}],"line":22},"4":{"loc":{"start":{"line":28,"column":15},"end":{"line":28,"column":49}},"type":"binary-expr","locations":[{"start":{"line":28,"column":15},"end":{"line":28,"column":20}},{"start":{"line":28,"column":24},"end":{"line":28,"column":32}},{"start":{"line":28,"column":36},"end":{"line":28,"column":49}}],"line":28},"5":{"loc":{"start":{"line":31,"column":4},"end":{"line":33,"column":5}},"type":"if","locations":[{"start":{"line":31,"column":4},"end":{"line":33,"column":5}},{"start":{},"end":{}}],"line":31},"6":{"loc":{"start":{"line":36,"column":35},"end":{"line":36,"column":64}},"type":"binary-expr","locations":[{"start":{"line":36,"column":35},"end":{"line":36,"column":42}},{"start":{"line":36,"column":46},"end":{"line":36,"column":64}}],"line":36}},"s":{"0":3,"1":3,"2":3,"3":2,"4":1,"5":1,"6":1,"7":1,"8":1,"9":3,"10":2,"11":1,"12":1,"13":1},"f":{"0":3,"1":3,"2":1},"b":{"0":[1],"1":[2,1],"2":[3,2,1],"3":[1,1],"4":[1,1,1],"5":[2,1],"6":[1,1]},"_coverageSchema":"1a1c01bbd47fc00a2c39e90264f33305004495a9","hash":"21b7bff34c60aee19e371fc3ef2be7c23274dc3f"}
,"D:\\React\\React native\\PayFlow\\PayFlow\\components\\ToastHost.tsx": {"path":"D:\\React\\React native\\PayFlow\\PayFlow\\components\\ToastHost.tsx","statementMap":{"0":{"start":{"line":17,"column":4},"end":{"line":19,"column":5}},"1":{"start":{"line":18,"column":8},"end":{"line":18,"column":36}},"2":{"start":{"line":21,"column":4},"end":{"line":23,"column":5}},"3":{"start":{"line":22,"column":8},"end":{"line":22,"column":34}},"4":{"start":{"line":25,"column":4},"end":{"line":25,"column":29}},"5":{"start":{"line":29,"column":4},"end":{"line":31,"column":5}},"6":{"start":{"line":30,"column":8},"end":{"line":30,"column":34}},"7":{"start":{"line":33,"column":4},"end":{"line":35,"column":5}},"8":{"start":{"line":34,"column":8},"end":{"line":34,"column":30}},"9":{"start":{"line":37,"column":4},"end":{"line":37,"column":32}},"10":{"start":{"line":51,"column":29},"end":{"line":51,"column":42}},"11":{"start":{"line":52,"column":20},"end":{"line":52,"column":57}},"12":{"start":{"line":53,"column":23},"end":{"line":53,"column":62}},"13":{"start":{"line":55,"column":4},"end":{"line":68,"column":30}},"14":{"start":{"line":56,"column":8},"end":{"line":67,"column":19}},"15":{"start":{"line":70,"column":4},"end":{"line":104,"column":6}},"16":{"start":{"line":93,"column":31},"end":{"line":93,"column":47}},"17":{"start":{"line":108,"column":23},"end":{"line":108,"column":36}},"18":{"start":{"line":110,"column":4},"end":{"line":112,"column":5}},"19":{"start":{"line":111,"column":8},"end":{"line":111,"column":20}},"20":{"start":{"line":114,"column":4},"end":{"line":120,"column":6}},"21":{"start":{"line":117,"column":16},"end":{"line":117,"column":55}},"22":{"start":{"line":123,"column":15},"end":{"line":166,"column":2}}},"fnMap":{"0":{"name":"getToastAccent","decl":{"start":{"line":16,"column":9},"end":{"line":16,"column":23}},"loc":{"start":{"line":16,"column":43},"end":{"line":26,"column":1}},"line":16},"1":{"name":"getToastIcon","decl":{"start":{"line":28,"column":9},"end":{"line":28,"column":21}},"loc":{"start":{"line":28,"column":41},"end":{"line":38,"column":1}},"line":28},"2":{"name":"ToastCard","decl":{"start":{"line":40,"column":9},"end":{"line":40,"column":18}},"loc":{"start":{"line":50,"column":3},"end":{"line":105,"column":1}},"line":50},"3":{"name":"(anonymous_3)","decl":{"start":{"line":55,"column":14},"end":{"line":55,"column":15}},"loc":{"start":{"line":55,"column":20},"end":{"line":68,"column":5}},"line":55},"4":{"name":"(anonymous_4)","decl":{"start":{"line":93,"column":25},"end":{"line":93,"column":26}},"loc":{"start":{"line":93,"column":31},"end":{"line":93,"column":47}},"line":93},"5":{"name":"ToastHost","decl":{"start":{"line":107,"column":24},"end":{"line":107,"column":33}},"loc":{"start":{"line":107,"column":36},"end":{"line":121,"column":1}},"line":107},"6":{"name":"(anonymous_6)","decl":{"start":{"line":116,"column":24},"end":{"line":116,"column":25}},"loc":{"start":{"line":117,"column":16},"end":{"line":117,"column":55}},"line":117}},"branchMap":{"0":{"loc":{"start":{"line":17,"column":4},"end":{"line":19,"column":5}},"type":"if","locations":[{"start":{"line":17,"column":4},"end":{"line":19,"column":5}},{"start":{},"end":{}}],"line":17},"1":{"loc":{"start":{"line":21,"column":4},"end":{"line":23,"column":5}},"type":"if","locations":[{"start":{"line":21,"column":4},"end":{"line":23,"column":5}},{"start":{},"end":{}}],"line":21},"2":{"loc":{"start":{"line":29,"column":4},"end":{"line":31,"column":5}},"type":"if","locations":[{"start":{"line":29,"column":4},"end":{"line":31,"column":5}},{"start":{},"end":{}}],"line":29},"3":{"loc":{"start":{"line":33,"column":4},"end":{"line":35,"column":5}},"type":"if","locations":[{"start":{"line":33,"column":4},"end":{"line":35,"column":5}},{"start":{},"end":{}}],"line":33},"4":{"loc":{"start":{"line":110,"column":4},"end":{"line":112,"column":5}},"type":"if","locations":[{"start":{"line":110,"column":4},"end":{"line":112,"column":5}},{"start":{},"end":{}}],"line":110}},"s":{"0":6,"1":2,"2":4,"3":2,"4":2,"5":3,"6":1,"7":2,"8":1,"9":1,"10":3,"11":3,"12":3,"13":3,"14":3,"15":3,"16":1,"17":2,"18":2,"19":1,"20":1,"21":3,"22":1},"f":{"0":6,"1":3,"2":3,"3":3,"4":1,"5":2,"6":3},"b":{"0":[2,4],"1":[2,2],"2":[1,2],"3":[1,1],"4":[1,1]},"_coverageSchema":"1a1c01bbd47fc00a2c39e90264f33305004495a9","hash":"7693c347b540e4f6cedc7316207aaf8eb942da49"}
,"D:\\React\\React native\\PayFlow\\PayFlow\\constants\\keyboard.ts": {"path":"D:\\React\\React native\\PayFlow\\PayFlow\\constants\\keyboard.ts","statementMap":{"0":{"start":{"line":8,"column":4},"end":{"line":8,"column":46}}},"fnMap":{},"branchMap":{"0":{"loc":{"start":{"line":8,"column":4},"end":{"line":8,"column":46}},"type":"cond-expr","locations":[{"start":{"line":8,"column":28},"end":{"line":8,"column":36}},{"start":{"line":8,"column":39},"end":{"line":8,"column":46}}],"line":8}},"s":{"0":3},"f":{},"b":{"0":[1,2]},"_coverageSchema":"1a1c01bbd47fc00a2c39e90264f33305004495a9","hash":"3c66407022b1bd7528d12877543b3dc610744e8c"}
,"D:\\React\\React native\\PayFlow\\PayFlow\\utils\\errorMessage.ts": {"path":"D:\\React\\React native\\PayFlow\\PayFlow\\utils\\errorMessage.ts","statementMap":{"0":{"start":{"line":2,"column":4},"end":{"line":2,"column":49}},"1":{"start":{"line":2,"column":30},"end":{"line":2,"column":49}},"2":{"start":{"line":3,"column":4},"end":{"line":6,"column":5}},"3":{"start":{"line":4,"column":18},"end":{"line":4,"column":58}},"4":{"start":{"line":5,"column":8},"end":{"line":5,"column":52}},"5":{"start":{"line":7,"column":4},"end":{"line":10,"column":5}},"6":{"start":{"line":8,"column":18},"end":{"line":8,"column":56}},"7":{"start":{"line":9,"column":8},"end":{"line":9,"column":52}},"8":{"start":{"line":11,"column":4},"end":{"line":11,"column":20}}},"fnMap":{"0":{"name":"getErrorMessage","decl":{"start":{"line":1,"column":16},"end":{"line":1,"column":31}},"loc":{"start":{"line":1,"column":72},"end":{"line":12,"column":1}},"line":1}},"branchMap":{"0":{"loc":{"start":{"line":2,"column":4},"end":{"line":2,"column":49}},"type":"if","locations":[{"start":{"line":2,"column":4},"end":{"line":2,"column":49}},{"start":{},"end":{}}],"line":2},"1":{"loc":{"start":{"line":3,"column":4},"end":{"line":6,"column":5}},"type":"if","locations":[{"start":{"line":3,"column":4},"end":{"line":6,"column":5}},{"start":{},"end":{}}],"line":3},"2":{"loc":{"start":{"line":3,"column":8},"end":{"line":3,"column":58}},"type":"binary-expr","locations":[{"start":{"line":3,"column":8},"end":{"line":3,"column":11}},{"start":{"line":3,"column":15},"end":{"line":3,"column":38}},{"start":{"line":3,"column":42},"end":{"line":3,"column":58}}],"line":3},"3":{"loc":{"start":{"line":5,"column":15},"end":{"line":5,"column":51}},"type":"cond-expr","locations":[{"start":{"line":5,"column":39},"end":{"line":5,"column":40}},{"start":{"line":5,"column":43},"end":{"line":5,"column":51}}],"line":5},"4":{"loc":{"start":{"line":7,"column":4},"end":{"line":10,"column":5}},"type":"if","locations":[{"start":{"line":7,"column":4},"end":{"line":10,"column":5}},{"start":{},"end":{}}],"line":7},"5":{"loc":{"start":{"line":7,"column":8},"end":{"line":7,"column":56}},"type":"binary-expr","locations":[{"start":{"line":7,"column":8},"end":{"line":7,"column":11}},{"start":{"line":7,"column":15},"end":{"line":7,"column":38}},{"start":{"line":7,"column":42},"end":{"line":7,"column":56}}],"line":7},"6":{"loc":{"start":{"line":9,"column":15},"end":{"line":9,"column":51}},"type":"cond-expr","locations":[{"start":{"line":9,"column":39},"end":{"line":9,"column":40}},{"start":{"line":9,"column":43},"end":{"line":9,"column":51}}],"line":9}},"s":{"0":10,"1":1,"2":9,"3":4,"4":4,"5":5,"6":3,"7":3,"8":2},"f":{"0":10},"b":{"0":[1,9],"1":[4,5],"2":[9,8,7],"3":[3,1],"4":[3,2],"5":[5,4,3],"6":[2,1]},"_coverageSchema":"1a1c01bbd47fc00a2c39e90264f33305004495a9","hash":"8f52e8a45534a9a527d7ef25a3a0392794383f52"}
}
