TN:
SF:api\api.ts
FN:9,apiRequest
FNF:1
FNH:1
FNDA:3,apiRequest
DA:2,4
DA:5,4
DA:16,3
DA:25,3
DA:27,3
DA:28,1
DA:31,2
LF:7
LH:7
BRDA:2,0,0,4
BRDA:2,0,1,1
BRDA:5,1,0,1
BRDA:5,1,1,3
BRDA:11,2,0,2
BRDA:20,3,0,3
BRDA:20,3,1,1
BRDA:22,4,0,1
BRDA:22,4,1,2
BRDA:27,5,0,1
BRDA:27,5,1,2
BRF:11
BRH:11
end_of_record
TN:
SF:api\auth.api.ts
FN:3,(anonymous_0)
FN:7,(anonymous_1)
FNF:2
FNH:2
FNDA:1,(anonymous_0)
FNDA:1,(anonymous_1)
DA:3,1
DA:4,1
DA:7,1
DA:8,1
LF:4
LH:4
BRF:0
BRH:0
end_of_record
TN:
SF:api\authStorage.ts
FN:3,(anonymous_0)
FN:7,(anonymous_1)
FN:11,(anonymous_2)
FNF:3
FNH:3
FNDA:1,(anonymous_0)
FNDA:1,(anonymous_1)
FNDA:1,(anonymous_2)
DA:3,1
DA:4,1
DA:7,1
DA:8,1
DA:11,1
DA:12,1
LF:6
LH:6
BRF:0
BRH:0
end_of_record
TN:
SF:api\currency.api.ts
FN:3,(anonymous_0)
FN:7,(anonymous_1)
FNF:2
FNH:2
FNDA:1,(anonymous_0)
FNDA:1,(anonymous_1)
DA:3,1
DA:4,1
DA:7,1
DA:12,1
LF:4
LH:4
BRF:0
BRH:0
end_of_record
TN:
SF:api\dashboard.api.ts
FN:3,(anonymous_0)
FNF:1
FNH:1
FNDA:1,(anonymous_0)
DA:3,1
DA:5,1
LF:2
LH:2
BRF:0
BRH:0
end_of_record
TN:
SF:api\messages.api.ts
FN:3,(anonymous_0)
FN:6,(anonymous_1)
FN:17,(anonymous_2)
FN:25,(anonymous_3)
FN:38,(anonymous_4)
FN:49,(anonymous_5)
FN:55,(anonymous_6)
FN:66,(anonymous_7)
FN:74,(anonymous_8)
FNF:9
FNH:9
FNDA:1,(anonymous_0)
FNDA:1,(anonymous_1)
FNDA:1,(anonymous_2)
FNDA:2,(anonymous_3)
FNDA:1,(anonymous_4)
FNDA:1,(anonymous_5)
FNDA:1,(anonymous_6)
FNDA:1,(anonymous_7)
FNDA:1,(anonymous_8)
DA:3,1
DA:4,1
DA:6,1
DA:10,1
DA:17,1
DA:18,1
DA:25,1
DA:31,2
DA:38,1
DA:42,1
DA:49,1
DA:53,1
DA:55,1
DA:59,1
DA:66,1
DA:67,1
DA:74,1
DA:80,1
LF:18
LH:18
BRDA:34,0,0,1
BRDA:34,0,1,1
BRF:2
BRH:2
end_of_record
TN:
SF:api\payu.api.ts
FN:3,(anonymous_0)
FN:17,(anonymous_1)
FNF:2
FNH:2
FNDA:2,(anonymous_0)
FNDA:1,(anonymous_1)
DA:3,1
DA:9,2
DA:17,1
DA:18,1
LF:4
LH:4
BRDA:12,0,0,1
BRDA:12,0,1,1
BRF:2
BRH:2
end_of_record
TN:
SF:api\transactions.api.ts
FN:3,(anonymous_0)
FN:16,(anonymous_1)
FN:20,(anonymous_2)
FNF:3
FNH:3
FNDA:1,(anonymous_0)
FNDA:1,(anonymous_1)
FNDA:1,(anonymous_2)
DA:3,1
DA:8,1
DA:16,1
DA:17,1
DA:20,1
DA:21,1
LF:6
LH:6
BRF:0
BRH:0
end_of_record
TN:
SF:api\users.api.ts
FN:3,(anonymous_0)
FN:7,(anonymous_1)
FN:11,(anonymous_2)
FN:15,(anonymous_3)
FNF:4
FNH:4
FNDA:1,(anonymous_0)
FNDA:1,(anonymous_1)
FNDA:1,(anonymous_2)
FNDA:1,(anonymous_3)
DA:3,1
DA:4,1
DA:7,1
DA:8,1
DA:11,1
DA:12,1
DA:15,1
DA:16,1
LF:8
LH:8
BRF:0
BRH:0
end_of_record
TN:
SF:app\auth\login.tsx
FN:20,LoginScreen
FN:26,(anonymous_1)
FN:101,(anonymous_2)
FNF:3
FNH:3
FNDA:17,LoginScreen
FNDA:4,(anonymous_1)
FNDA:1,(anonymous_2)
DA:21,17
DA:22,17
DA:23,17
DA:24,17
DA:26,17
DA:27,4
DA:28,1
DA:29,1
DA:32,3
DA:33,3
DA:34,3
DA:39,1
DA:40,1
DA:41,1
DA:43,2
DA:44,2
DA:52,3
DA:56,17
DA:101,1
DA:111,1
LF:20
LH:20
BRDA:27,0,0,1
BRDA:27,0,1,3
BRDA:27,1,0,4
BRDA:27,1,1,3
BRDA:46,2,0,1
BRDA:46,2,1,1
BRDA:60,3,0,16
BRDA:60,3,1,1
BRDA:93,4,0,3
BRDA:93,4,1,14
BRF:10
BRH:10
end_of_record
TN:
SF:app\auth\register.tsx
FN:21,RegisterScreen
FN:27,(anonymous_1)
FN:99,(anonymous_2)
FNF:3
FNH:3
FNDA:5,RegisterScreen
FNDA:2,(anonymous_1)
FNDA:1,(anonymous_2)
DA:22,5
DA:23,5
DA:24,5
DA:25,5
DA:27,5
DA:28,2
DA:29,2
DA:34,1
DA:35,1
DA:37,1
DA:45,5
DA:99,1
DA:109,1
LF:13
LH:13
BRDA:49,0,0,4
BRDA:49,0,1,1
BRF:2
BRH:2
end_of_record
TN:
SF:components\AppButton.tsx
FN:23,AppButton
FNF:1
FNH:1
FNDA:47,AppButton
DA:32,47
DA:34,47
DA:60,2
LF:3
LH:3
BRDA:26,0,0,23
BRDA:27,1,0,30
BRDA:28,2,0,28
BRDA:32,3,0,47
BRDA:32,3,1,44
BRDA:39,4,0,47
BRDA:39,4,1,5
BRDA:46,5,0,5
BRDA:46,5,1,42
BRDA:49,6,0,4
BRDA:49,6,1,1
BRDA:49,7,0,5
BRDA:49,7,1,2
BRF:13
BRH:13
end_of_record
TN:
SF:components\AppInput.tsx
FN:20,AppInput
FN:30,(anonymous_1)
FN:51,(anonymous_2)
FN:51,(anonymous_3)
FNF:4
FNH:4
FNDA:53,AppInput
FNDA:20,(anonymous_1)
FNDA:2,(anonymous_2)
FNDA:2,(anonymous_3)
DA:28,53
DA:29,53
DA:30,20
DA:34,53
DA:51,2
DA:71,2
LF:6
LH:6
BRDA:24,0,0,28
BRDA:30,1,0,20
BRDA:30,1,1,10
BRDA:30,2,0,20
BRDA:30,2,1,10
BRDA:36,3,0,53
BRDA:36,3,1,1
BRDA:41,4,0,53
BRDA:41,4,1,25
BRDA:41,5,0,53
BRDA:41,5,1,28
BRDA:42,6,0,53
BRDA:42,6,1,1
BRDA:49,7,0,53
BRDA:49,7,1,25
BRDA:49,8,0,53
BRDA:49,8,1,28
BRDA:55,9,0,1
BRDA:55,9,1,24
BRDA:59,10,0,1
BRDA:59,10,1,24
BRDA:66,11,0,53
BRDA:66,11,1,1
BRF:23
BRH:23
end_of_record
TN:
SF:components\AppTabBar.tsx
FN:70,AppTabBar
FN:78,(anonymous_1)
FN:80,(anonymous_2)
FN:85,(anonymous_3)
FN:94,(anonymous_4)
FN:97,(anonymous_5)
FN:121,(anonymous_6)
FN:123,(anonymous_7)
FN:137,(anonymous_8)
FN:177,(anonymous_9)
FN:206,(anonymous_10)
FN:210,(anonymous_11)
FN:226,(anonymous_12)
FN:230,(anonymous_13)
FNF:14
FNH:13
FNDA:8,AppTabBar
FNDA:3,(anonymous_1)
FNDA:23,(anonymous_2)
FNDA:23,(anonymous_3)
FNDA:32,(anonymous_4)
FNDA:8,(anonymous_5)
FNDA:32,(anonymous_6)
FNDA:89,(anonymous_7)
FNDA:1,(anonymous_8)
FNDA:3,(anonymous_9)
FNDA:0,(anonymous_10)
FNDA:1,(anonymous_11)
FNDA:27,(anonymous_12)
FNDA:1,(anonymous_13)
DA:17,1
DA:47,1
DA:71,8
DA:72,8
DA:73,8
DA:74,8
DA:76,8
DA:77,8
DA:79,3
DA:80,23
DA:86,23
DA:92,8
DA:94,32
DA:97,8
DA:98,8
DA:99,3
DA:112,5
DA:113,5
DA:117,8
DA:122,32
DA:123,89
DA:126,32
DA:127,3
DA:130,29
DA:132,29
DA:137,1
DA:177,3
DA:206,0
DA:210,1
DA:227,27
DA:231,1
DA:232,1
DA:264,1
LF:33
LH:32
BRDA:86,0,0,23
BRDA:86,0,1,12
BRDA:86,0,2,3
BRDA:93,1,0,8
BRDA:93,1,1,8
BRDA:98,2,0,3
BRDA:98,2,1,5
BRDA:126,3,0,3
BRDA:126,3,1,29
BRDA:142,4,0,2
BRDA:142,4,1,27
BRDA:146,5,0,2
BRDA:146,5,1,27
BRDA:151,6,0,29
BRDA:151,6,1,8
BRDA:151,6,2,5
BRDA:155,7,0,2
BRDA:155,7,1,3
BRDA:165,8,0,29
BRDA:165,8,1,2
BRDA:181,9,0,6
BRDA:181,9,1,2
BRDA:184,10,0,6
BRDA:184,10,1,2
BRDA:193,11,0,8
BRDA:193,11,1,6
BRF:26
BRH:26
end_of_record
TN:
SF:components\BalanceCard.tsx
FN:13,BalanceCard
FN:16,(anonymous_1)
FNF:2
FNH:2
FNDA:3,BalanceCard
FNDA:3,(anonymous_1)
DA:14,3
DA:16,3
DA:17,3
DA:19,3
DA:71,1
LF:5
LH:5
BRDA:13,0,0,1
BRDA:13,1,0,2
BRDA:17,2,0,2
BRDA:17,2,1,1
BRDA:29,3,0,2
BRDA:29,3,1,1
BRDA:33,4,0,2
BRDA:33,4,1,1
BRDA:43,5,0,3
BRDA:43,5,1,1
BRDA:43,5,2,2
BRDA:45,6,0,2
BRDA:45,6,1,2
BRDA:47,7,0,1
BRDA:47,7,1,1
BRDA:50,8,0,2
BRDA:50,8,1,1
BRDA:52,9,0,0
BRDA:52,9,1,1
BRDA:59,10,0,2
BRDA:59,10,1,1
BRDA:62,11,0,2
BRDA:62,11,1,1
BRF:23
BRH:22
end_of_record
TN:
SF:components\PwaInstallNotice.tsx
FN:11,PwaInstallNotice
FN:14,(anonymous_1)
FN:46,(anonymous_2)
FNF:3
FNH:3
FNDA:3,PwaInstallNotice
FNDA:3,(anonymous_1)
FNDA:1,(anonymous_2)
DA:12,3
DA:14,3
DA:15,3
DA:16,2
DA:19,1
DA:20,1
DA:22,1
DA:24,1
DA:28,1
DA:31,3
DA:32,2
DA:35,1
DA:46,1
DA:62,1
LF:14
LH:14
BRDA:11,0,0,1
BRDA:15,1,0,2
BRDA:15,1,1,1
BRDA:15,2,0,3
BRDA:15,2,1,2
BRDA:15,2,2,1
BRDA:22,3,0,1
BRDA:22,3,1,1
BRDA:28,4,0,1
BRDA:28,4,1,1
BRDA:28,4,2,1
BRDA:31,5,0,2
BRDA:31,5,1,1
BRDA:36,6,0,1
BRDA:36,6,1,1
BRF:15
BRH:15
end_of_record
TN:
SF:components\ToastHost.tsx
FN:16,getToastAccent
FN:28,getToastIcon
FN:40,ToastCard
FN:55,(anonymous_3)
FN:93,(anonymous_4)
FN:107,ToastHost
FN:116,(anonymous_6)
FNF:7
FNH:7
FNDA:6,getToastAccent
FNDA:3,getToastIcon
FNDA:3,ToastCard
FNDA:3,(anonymous_3)
FNDA:1,(anonymous_4)
FNDA:2,ToastHost
FNDA:3,(anonymous_6)
DA:17,6
DA:18,2
DA:21,4
DA:22,2
DA:25,2
DA:29,3
DA:30,1
DA:33,2
DA:34,1
DA:37,1
DA:51,3
DA:52,3
DA:53,3
DA:55,3
DA:56,3
DA:70,3
DA:93,1
DA:108,2
DA:110,2
DA:111,1
DA:114,1
DA:117,3
DA:123,1
LF:23
LH:23
BRDA:17,0,0,2
BRDA:17,0,1,4
BRDA:21,1,0,2
BRDA:21,1,1,2
BRDA:29,2,0,1
BRDA:29,2,1,2
BRDA:33,3,0,1
BRDA:33,3,1,1
BRDA:110,4,0,1
BRDA:110,4,1,1
BRF:10
BRH:10
end_of_record
TN:
SF:constants\keyboard.ts
FNF:0
FNH:0
DA:8,3
LF:1
LH:1
BRDA:8,0,0,1
BRDA:8,0,1,2
BRF:2
BRH:2
end_of_record
TN:
SF:utils\errorMessage.ts
FN:1,getErrorMessage
FNF:1
FNH:1
FNDA:10,getErrorMessage
DA:2,10
DA:3,9
DA:4,4
DA:5,4
DA:7,5
DA:8,3
DA:9,3
DA:11,2
LF:8
LH:8
BRDA:2,0,0,1
BRDA:2,0,1,9
BRDA:3,1,0,4
BRDA:3,1,1,5
BRDA:3,2,0,9
BRDA:3,2,1,8
BRDA:3,2,2,7
BRDA:5,3,0,3
BRDA:5,3,1,1
BRDA:7,4,0,3
BRDA:7,4,1,2
BRDA:7,5,0,5
BRDA:7,5,1,4
BRDA:7,5,2,3
BRDA:9,6,0,2
BRDA:9,6,1,1
BRF:16
BRH:16
end_of_record
